build/app/outputs/mapping/release/seeds.txt
com.rds.newway.MainActivity
com.rds.newway.MainActivity: MainActivity()
...
com.google.android.gms.internal.auth.zzby: com.google.android.gms.internal.auth.zzby zzu
com.google.android.recaptcha.internal.zzen: com.google.android.recaptcha.internal.zzem zza
com.google.android.gms.internal.firebase-auth-api.zzacz: com.google.firebase.auth.AuthCredential zzp
com.google.android.gms.internal.firebase-auth-api.zzabg: com.google.android.gms.internal.firebase-auth-api.zzyi zzy
com.google.android.gms.internal.location.zzj: com.google.android.gms.internal.location.zzr zzd
com.google.android.recaptcha.internal.zzei: android.content.Context zzb
com.google.android.gms.internal.firebase-auth-api.zzuw$zzb: com.google.android.gms.internal.firebase-auth-api.zzajj zzg
com.google.firestore.v1.DocumentMask: int FIELD_PATHS_FIELD_NUMBER
com.google.android.gms.internal.safetynet.zzt: com.google.android.gms.internal.safetynet.zzg zza
com.google.android.gms.internal.auth.zzag: android.accounts.Account zza
com.google.android.recaptcha.internal.zzpr: com.google.android.recaptcha.internal.zzjb zzh
com.google.android.gms.internal.common.zzh: com.google.android.gms.internal.common.zze zzb
com.google.android.recaptcha.internal.zzai: java.lang.Object zza
com.google.android.recaptcha.internal.zzgw: int zzc
com.google.android.gms.internal.firebase-auth-api.zzlz: com.google.android.gms.internal.firebase-auth-api.zzbh zzd
com.google.android.gms.internal.firebase-auth-api.zzlz$zza: java.lang.String zzc
com.google.android.gms.internal.firebase-auth-api.zzew: java.lang.String zzc
com.google.android.gms.internal.fido.zzbs: java.lang.Object[] zzb
androidx.collection.LruCache: int evictionCount
com.google.android.gms.internal.firebase-auth-api.zzzj: com.google.android.gms.internal.firebase-auth-api.zzzk zzc
com.google.android.recaptcha.internal.zzcu: com.google.android.recaptcha.internal.zzcu zza
com.google.android.gms.common.internal.BaseGmsClient: com.google.android.gms.common.internal.GmsClientSupervisor zzn
com.google.android.gms.internal.firebase-auth-api.zzjz: com.google.android.gms.internal.firebase-auth-api.zzmu zze
com.google.android.recaptcha.internal.zzjf: com.google.android.recaptcha.internal.zzjf zze
com.google.firestore.v1.StructuredAggregationQuery$Aggregation$Avg: com.google.firestore.v1.StructuredAggregationQuery$Aggregation$Avg DEFAULT_INSTANCE
com.google.android.gms.internal.location.zzbi: com.google.android.gms.common.api.Api$ClientKey zza
com.google.android.gms.fido.fido2.api.common.PublicKeyCredentialRpEntity: android.os.Parcelable$Creator CREATOR
com.google.android.gms.internal.common.zzv: com.google.android.gms.internal.common.zzx zzb
com.google.android.gms.internal.firebase-auth-api.zzgd$zza: com.google.android.gms.internal.firebase-auth-api.zzgd$zza zzb
com.google.android.gms.internal.firebase-auth-api.zzakt: com.google.android.gms.internal.firebase-auth-api.zzakx zzo
com.google.android.recaptcha.internal.zzoe: int zzd
com.google.android.gms.internal.firebase-auth-api.zzjf: com.google.android.gms.internal.firebase-auth-api.zzoa zzb
com.google.android.gms.internal.firebase-auth-api.zzur: int zzf
com.google.android.gms.internal.maps.zzau: int zza
com.google.android.gms.internal.firebase-auth-api.zzaff: java.lang.String zze
com.google.android.gms.internal.firebase-auth-api.zzqu: com.google.android.gms.internal.firebase-auth-api.zzoa zzb
com.google.firestore.v1.CommitRequest: int TRANSACTION_FIELD_NUMBER
com.google.android.gms.internal.firebase-auth-api.zzdq$zza: java.lang.Integer zza
com.google.android.gms.internal.firebase-auth-api.zzamm: long zzr
com.google.android.gms.internal.firebase-auth-api.zzhv: byte[] zzb
com.google.android.gms.fido.u2f.api.common.SignRequestParams: android.os.Parcelable$Creator CREATOR
com.google.android.gms.internal.firebase-auth-api.zzaff: long zzi
com.google.android.recaptcha.internal.zzik: com.google.android.recaptcha.internal.zzik zzj
com.google.android.gms.common.server.response.zan: android.os.Parcelable$Creator CREATOR