build/app/outputs/mapping/release/usage.txt
com.rds.newway.R$drawable
com.rds.newway.R$mipmap
com.rds.newway.R$string
com.rds.newway.R$style
com.rds.newway.R
...
kotlinx.coroutines.flow.FlowKt__DelayKt$sample$2
kotlinx.coroutines.flow.FlowKt__DelayKt$timeoutInternal$1$1$1
kotlinx.coroutines.flow.FlowKt__DelayKt$timeoutInternal$1$1$2
kotlinx.coroutines.flow.FlowKt__DelayKt$timeoutInternal$1
kotlinx.coroutines.flow.FlowKt__DelayKt
kotlinx.coroutines.flow.FlowKt__DistinctKt$defaultAreEquivalent$1
kotlinx.coroutines.flow.FlowKt__DistinctKt$defaultKeySelector$1
kotlinx.coroutines.flow.FlowKt__DistinctKt
kotlinx.coroutines.flow.FlowKt__EmittersKt$invokeSafely$1
kotlinx.coroutines.flow.FlowKt__EmittersKt$onCompletion$$inlined$unsafeFlow$1$1
kotlinx.coroutines.flow.FlowKt__EmittersKt$onCompletion$$inlined$unsafeFlow$1
kotlinx.coroutines.flow.FlowKt__EmittersKt$onEmpty$$inlined$unsafeFlow$1$1
kotlinx.coroutines.flow.FlowKt__EmittersKt$onEmpty$$inlined$unsafeFlow$1
kotlinx.coroutines.flow.FlowKt__EmittersKt$onEmpty$1$1$emit$1
kotlinx.coroutines.flow.FlowKt__EmittersKt$onEmpty$1$1
kotlinx.coroutines.flow.FlowKt__EmittersKt$onStart$$inlined$unsafeFlow$1$1
kotlinx.coroutines.flow.FlowKt__EmittersKt$onStart$$inlined$unsafeFlow$1
kotlinx.coroutines.flow.FlowKt__EmittersKt$transform$1$1$emit$1
kotlinx.coroutines.flow.FlowKt__EmittersKt$transform$1$1
kotlinx.coroutines.flow.FlowKt__EmittersKt$transform$1
kotlinx.coroutines.flow.FlowKt__EmittersKt$unsafeTransform$$inlined$unsafeFlow$1$1
kotlinx.coroutines.flow.FlowKt__EmittersKt$unsafeTransform$$inlined$unsafeFlow$1
kotlinx.coroutines.flow.FlowKt__EmittersKt$unsafeTransform$1$1$emit$1
kotlinx.coroutines.flow.FlowKt__EmittersKt$unsafeTransform$1$1
kotlinx.coroutines.flow.FlowKt__EmittersKt:
    public static final synthetic java.lang.Object access$invokeSafely$FlowKt__EmittersKt(kotlinx.coroutines.flow.FlowCollector,kotlin.jvm.functions.Function3,java.lang.Throwable,kotlin.coroutines.Continuation)
    private static final java.lang.Object invokeSafely$FlowKt__EmittersKt(kotlinx.coroutines.flow.FlowCollector,kotlin.jvm.functions.Function3,java.lang.Throwable,kotlin.coroutines.Continuation)
    public static final kotlinx.coroutines.flow.Flow onCompletion(kotlinx.coroutines.flow.Flow,kotlin.jvm.functions.Function3)
    public static final kotlinx.coroutines.flow.Flow onEmpty(kotlinx.coroutines.flow.Flow,kotlin.jvm.functions.Function2)
    public static final kotlinx.coroutines.flow.Flow onStart(kotlinx.coroutines.flow.Flow,kotlin.jvm.functions.Function2)
    public static final kotlinx.coroutines.flow.Flow transform(kotlinx.coroutines.flow.Flow,kotlin.jvm.functions.Function3)
    public static final kotlinx.coroutines.flow.Flow unsafeTransform(kotlinx.coroutines.flow.Flow,kotlin.jvm.functions.Function3)
kotlinx.coroutines.flow.FlowKt__ErrorsKt$catch$$inlined$unsafeFlow$1$1
kotlinx.coroutines.flow.FlowKt__ErrorsKt$catch$$inlined$unsafeFlow$1
kotlinx.coroutines.flow.FlowKt__ErrorsKt$catchImpl$1
kotlinx.coroutines.flow.FlowKt__ErrorsKt$catchImpl$2$emit$1
kotlinx.coroutines.flow.FlowKt__ErrorsKt$catchImpl$2
kotlinx.coroutines.flow.FlowKt__ErrorsKt$retry$1
kotlinx.coroutines.flow.FlowKt__ErrorsKt$retry$3
kotlinx.coroutines.flow.FlowKt__ErrorsKt$retryWhen$$inlined$unsafeFlow$1$1
kotlinx.coroutines.flow.FlowKt__ErrorsKt$retryWhen$$inlined$unsafeFlow$1
kotlinx.coroutines.flow.FlowKt__ErrorsKt
kotlinx.coroutines.flow.FlowKt__LimitKt$collectWhile$1
kotlinx.coroutines.flow.FlowKt__LimitKt$collectWhile$collector$1$emit$1
kotlinx.coroutines.flow.FlowKt__LimitKt$collectWhile$collector$1
kotlinx.coroutines.flow.FlowKt__LimitKt$drop$$inlined$unsafeFlow$1
kotlinx.coroutines.flow.FlowKt__LimitKt$drop$2$1$emit$1
kotlinx.coroutines.flow.FlowKt__LimitKt$drop$2$1
kotlinx.coroutines.flow.FlowKt__LimitKt$emitAbort$1
kotlinx.coroutines.flow.FlowKt__LimitKt$take$$inlined$unsafeFlow$1$1
kotlinx.coroutines.flow.FlowKt__LimitKt$take$$inlined$unsafeFlow$1
kotlinx.coroutines.flow.FlowKt__LimitKt$take$2$1$emit$1
kotlinx.coroutines.flow.FlowKt__LimitKt$take$2$1
kotlinx.coroutines.flow.FlowKt__LimitKt$takeWhile$$inlined$unsafeFlow$1$1